This is pdfTeX, Version 3.14159265-2.6-1.40.17 (TeX Live 2016/W32TeX) (preloaded format=pdflatex 2016.10.25)  11 DEC 2016 15:51
entering extended mode
 restricted \write18 enabled.
 %&-line parsing enabled.
**./Python_3_5.tex
(./Python_3_5.tex
LaTeX2e <2016/03/31> patch level 3
Babel <3.9r> and hyphenation patterns for 83 language(s) loaded.
(c:/texlive/2016/texmf-dist/tex/latex/base/article.cls
Document Class: article 2014/09/29 v1.4h Standard LaTeX document class
(c:/texlive/2016/texmf-dist/tex/latex/base/size10.clo
File: size10.clo 2014/09/29 v1.4h Standard LaTeX file (size option)
)
\c@part=\count79
\c@section=\count80
\c@subsection=\count81
\c@subsubsection=\count82
\c@paragraph=\count83
\c@subparagraph=\count84
\c@figure=\count85
\c@table=\count86
\abovecaptionskip=\skip41
\belowcaptionskip=\skip42
\bibindent=\dimen102
)
(c:/texlive/2016/texmf-dist/tex/latex/base/fontenc.sty
Package: fontenc 2016/06/19 v1.99m Standard LaTeX package

(c:/texlive/2016/texmf-dist/tex/latex/base/t1enc.def
File: t1enc.def 2016/06/19 v1.99m Standard LaTeX file
LaTeX Font Info:    Redeclaring font encoding T1 on input line 48.
))
(c:/texlive/2016/texmf-dist/tex/latex/lm/lmodern.sty
Package: lmodern 2009/10/30 v1.6 Latin Modern Fonts
LaTeX Font Info:    Overwriting symbol font `operators' in version `normal'
(Font)                  OT1/cmr/m/n --> OT1/lmr/m/n on input line 22.
LaTeX Font Info:    Overwriting symbol font `letters' in version `normal'
(Font)                  OML/cmm/m/it --> OML/lmm/m/it on input line 23.
LaTeX Font Info:    Overwriting symbol font `symbols' in version `normal'
(Font)                  OMS/cmsy/m/n --> OMS/lmsy/m/n on input line 24.
LaTeX Font Info:    Overwriting symbol font `largesymbols' in version `normal'
(Font)                  OMX/cmex/m/n --> OMX/lmex/m/n on input line 25.
LaTeX Font Info:    Overwriting symbol font `operators' in version `bold'
(Font)                  OT1/cmr/bx/n --> OT1/lmr/bx/n on input line 26.
LaTeX Font Info:    Overwriting symbol font `letters' in version `bold'
(Font)                  OML/cmm/b/it --> OML/lmm/b/it on input line 27.
LaTeX Font Info:    Overwriting symbol font `symbols' in version `bold'
(Font)                  OMS/cmsy/b/n --> OMS/lmsy/b/n on input line 28.
LaTeX Font Info:    Overwriting symbol font `largesymbols' in version `bold'
(Font)                  OMX/cmex/m/n --> OMX/lmex/m/n on input line 29.
LaTeX Font Info:    Overwriting math alphabet `\mathbf' in version `normal'
(Font)                  OT1/cmr/bx/n --> OT1/lmr/bx/n on input line 31.
LaTeX Font Info:    Overwriting math alphabet `\mathsf' in version `normal'
(Font)                  OT1/cmss/m/n --> OT1/lmss/m/n on input line 32.
LaTeX Font Info:    Overwriting math alphabet `\mathit' in version `normal'
(Font)                  OT1/cmr/m/it --> OT1/lmr/m/it on input line 33.
LaTeX Font Info:    Overwriting math alphabet `\mathtt' in version `normal'
(Font)                  OT1/cmtt/m/n --> OT1/lmtt/m/n on input line 34.
LaTeX Font Info:    Overwriting math alphabet `\mathbf' in version `bold'
(Font)                  OT1/cmr/bx/n --> OT1/lmr/bx/n on input line 35.
LaTeX Font Info:    Overwriting math alphabet `\mathsf' in version `bold'
(Font)                  OT1/cmss/bx/n --> OT1/lmss/bx/n on input line 36.
LaTeX Font Info:    Overwriting math alphabet `\mathit' in version `bold'
(Font)                  OT1/cmr/bx/it --> OT1/lmr/bx/it on input line 37.
LaTeX Font Info:    Overwriting math alphabet `\mathtt' in version `bold'
(Font)                  OT1/cmtt/m/n --> OT1/lmtt/m/n on input line 38.
)
(c:/texlive/2016/texmf-dist/tex/latex/listings/listings.sty
(c:/texlive/2016/texmf-dist/tex/latex/graphics/keyval.sty
Package: keyval 2014/10/28 v1.15 key=value parser (DPC)
\KV@toks@=\toks14
)
\lst@mode=\count87
\lst@gtempboxa=\box26
\lst@token=\toks15
\lst@length=\count88
\lst@currlwidth=\dimen103
\lst@column=\count89
\lst@pos=\count90
\lst@lostspace=\dimen104
\lst@width=\dimen105
\lst@newlines=\count91
\lst@lineno=\count92
\lst@maxwidth=\dimen106

(c:/texlive/2016/texmf-dist/tex/latex/listings/lstmisc.sty
File: lstmisc.sty 2015/06/04 1.6 (Carsten Heinz)
\c@lstnumber=\count93
\lst@skipnumbers=\count94
\lst@framebox=\box27
)
(c:/texlive/2016/texmf-dist/tex/latex/listings/listings.cfg
File: listings.cfg 2015/06/04 1.6 listings configuration
))
Package: listings 2015/06/04 1.6 (Carsten Heinz)

(c:/texlive/2016/texmf-dist/tex/latex/graphics/color.sty
Package: color 2016/07/10 v1.1e Standard LaTeX Color (DPC)

(c:/texlive/2016/texmf-dist/tex/latex/graphics-cfg/color.cfg
File: color.cfg 2016/01/02 v1.6 sample color configuration
)
Package color Info: Driver file: pdftex.def on input line 147.

(c:/texlive/2016/texmf-dist/tex/latex/graphics-def/pdftex.def
File: pdftex.def 2016/07/10 v0.06j Graphics/color for pdfTeX

(c:/texlive/2016/texmf-dist/tex/generic/oberdiek/infwarerr.sty
Package: infwarerr 2016/05/16 v1.4 Providing info/warning/error messages (HO)
)
(c:/texlive/2016/texmf-dist/tex/generic/oberdiek/ltxcmds.sty
Package: ltxcmds 2016/05/16 v1.23 LaTeX kernel commands for general use (HO)
)
\Gread@gobject=\count95
))
(c:/texlive/2016/texmf-dist/tex/latex/hyperref/hyperref.sty
Package: hyperref 2016/06/24 v6.83q Hypertext links for LaTeX

(c:/texlive/2016/texmf-dist/tex/generic/oberdiek/hobsub-hyperref.sty
Package: hobsub-hyperref 2016/05/16 v1.14 Bundle oberdiek, subset hyperref (HO)


(c:/texlive/2016/texmf-dist/tex/generic/oberdiek/hobsub-generic.sty
Package: hobsub-generic 2016/05/16 v1.14 Bundle oberdiek, subset generic (HO)
Package: hobsub 2016/05/16 v1.14 Construct package bundles (HO)
Package hobsub Info: Skipping package `infwarerr' (already loaded).
Package hobsub Info: Skipping package `ltxcmds' (already loaded).
Package: ifluatex 2016/05/16 v1.4 Provides the ifluatex switch (HO)
Package ifluatex Info: LuaTeX not detected.
Package: ifvtex 2016/05/16 v1.6 Detect VTeX and its facilities (HO)
Package ifvtex Info: VTeX not detected.
Package: intcalc 2016/05/16 v1.2 Expandable calculations with integers (HO)
Package: ifpdf 2016/05/14 v3.1 Provides the ifpdf switch
Package: etexcmds 2016/05/16 v1.6 Avoid name clashes with e-TeX commands (HO)
Package etexcmds Info: Could not find \expanded.
(etexcmds)             That can mean that you are not using pdfTeX 1.50 or
(etexcmds)             that some package has redefined \expanded.
(etexcmds)             In the latter case, load this package earlier.
Package: kvsetkeys 2016/05/16 v1.17 Key value parser (HO)
Package: kvdefinekeys 2016/05/16 v1.4 Define keys (HO)
Package: pdftexcmds 2016/05/21 v0.22 Utility functions of pdfTeX for LuaTeX (HO
)
Package pdftexcmds Info: LuaTeX not detected.
Package pdftexcmds Info: \pdf@primitive is available.
Package pdftexcmds Info: \pdf@ifprimitive is available.
Package pdftexcmds Info: \pdfdraftmode found.
Package: pdfescape 2016/05/16 v1.14 Implements pdfTeX's escape features (HO)
Package: bigintcalc 2016/05/16 v1.4 Expandable calculations on big integers (HO
)
Package: bitset 2016/05/16 v1.2 Handle bit-vector datatype (HO)
Package: uniquecounter 2016/05/16 v1.3 Provide unlimited unique counter (HO)
)
Package hobsub Info: Skipping package `hobsub' (already loaded).
Package: letltxmacro 2016/05/16 v1.5 Let assignment for LaTeX macros (HO)
Package: hopatch 2016/05/16 v1.3 Wrapper for package hooks (HO)
Package: xcolor-patch 2016/05/16 xcolor patch
Package: atveryend 2016/05/16 v1.9 Hooks at the very end of document (HO)
Package atveryend Info: \enddocument detected (standard20110627).
Package: atbegshi 2016/06/09 v1.18 At begin shipout hook (HO)
Package: refcount 2016/05/16 v3.5 Data extraction from label references (HO)
Package: hycolor 2016/05/16 v1.8 Color options for hyperref/bookmark (HO)
)
(c:/texlive/2016/texmf-dist/tex/generic/ifxetex/ifxetex.sty
Package: ifxetex 2010/09/12 v0.6 Provides ifxetex conditional
)
(c:/texlive/2016/texmf-dist/tex/latex/oberdiek/auxhook.sty
Package: auxhook 2016/05/16 v1.4 Hooks for auxiliary files (HO)
)
(c:/texlive/2016/texmf-dist/tex/latex/oberdiek/kvoptions.sty
Package: kvoptions 2016/05/16 v3.12 Key value format for package options (HO)
)
\@linkdim=\dimen107
\Hy@linkcounter=\count96
\Hy@pagecounter=\count97

(c:/texlive/2016/texmf-dist/tex/latex/hyperref/pd1enc.def
File: pd1enc.def 2016/06/24 v6.83q Hyperref: PDFDocEncoding definition (HO)
)
\Hy@SavedSpaceFactor=\count98

(c:/texlive/2016/texmf-dist/tex/latex/latexconfig/hyperref.cfg
File: hyperref.cfg 2002/06/06 v1.2 hyperref configuration of TeXLive
)
Package hyperref Info: Hyper figures OFF on input line 4486.
Package hyperref Info: Link nesting OFF on input line 4491.
Package hyperref Info: Hyper index ON on input line 4494.
Package hyperref Info: Plain pages OFF on input line 4501.
Package hyperref Info: Backreferencing OFF on input line 4506.
Package hyperref Info: Implicit mode ON; LaTeX internals redefined.
Package hyperref Info: Bookmarks ON on input line 4735.
\c@Hy@tempcnt=\count99

(c:/texlive/2016/texmf-dist/tex/latex/url/url.sty
\Urlmuskip=\muskip10
Package: url 2013/09/16  ver 3.4  Verb mode for urls, etc.
)
LaTeX Info: Redefining \url on input line 5088.
\XeTeXLinkMargin=\dimen108
\Fld@menulength=\count100
\Field@Width=\dimen109
\Fld@charsize=\dimen110
Package hyperref Info: Hyper figures OFF on input line 6342.
Package hyperref Info: Link nesting OFF on input line 6347.
Package hyperref Info: Hyper index ON on input line 6350.
Package hyperref Info: backreferencing OFF on input line 6357.
Package hyperref Info: Link coloring OFF on input line 6362.
Package hyperref Info: Link coloring with OCG OFF on input line 6367.
Package hyperref Info: PDF/A mode OFF on input line 6372.
LaTeX Info: Redefining \ref on input line 6412.
LaTeX Info: Redefining \pageref on input line 6416.
\Hy@abspage=\count101
\c@Item=\count102
\c@Hfootnote=\count103
)

Package hyperref Message: Driver (autodetected): hpdftex.

(c:/texlive/2016/texmf-dist/tex/latex/hyperref/hpdftex.def
File: hpdftex.def 2016/06/24 v6.83q Hyperref driver for pdfTeX
\Fld@listcount=\count104
\c@bookmark@seq@number=\count105

(c:/texlive/2016/texmf-dist/tex/latex/oberdiek/rerunfilecheck.sty
Package: rerunfilecheck 2016/05/16 v1.8 Rerun checks for auxiliary files (HO)
Package uniquecounter Info: New unique counter `rerunfilecheck' on input line 2
82.
)
\Hy@SectionHShift=\skip43
)
(c:/texlive/2016/texmf-dist/tex/latex/amsfonts/amssymb.sty
Package: amssymb 2013/01/14 v3.01 AMS font symbols

(c:/texlive/2016/texmf-dist/tex/latex/amsfonts/amsfonts.sty
Package: amsfonts 2013/01/14 v3.01 Basic AMSFonts support
\@emptytoks=\toks16
\symAMSa=\mathgroup4
\symAMSb=\mathgroup5
LaTeX Font Info:    Overwriting math alphabet `\mathfrak' in version `bold'
(Font)                  U/euf/m/n --> U/euf/b/n on input line 106.
))
(c:/texlive/2016/texmf-dist/tex/latex/graphics/graphicx.sty
Package: graphicx 2014/10/28 v1.0g Enhanced LaTeX Graphics (DPC,SPQR)

(c:/texlive/2016/texmf-dist/tex/latex/graphics/graphics.sty
Package: graphics 2016/07/10 v1.0t Standard LaTeX Graphics (DPC,SPQR)

(c:/texlive/2016/texmf-dist/tex/latex/graphics/trig.sty
Package: trig 2016/01/03 v1.10 sin cos tan (DPC)
)
(c:/texlive/2016/texmf-dist/tex/latex/graphics-cfg/graphics.cfg
File: graphics.cfg 2016/06/04 v1.11 sample graphics configuration
)
Package graphics Info: Driver file: pdftex.def on input line 99.
)
\Gin@req@height=\dimen111
\Gin@req@width=\dimen112
)
(c:/texlive/2016/texmf-dist/tex/latex/listings/lstlang1.sty
File: lstlang1.sty 2015/06/04 1.6 listings language file
) (./Python_3_5.aux)
\openout1 = `Python_3_5.aux'.

LaTeX Font Info:    Checking defaults for OML/cmm/m/it on input line 36.
LaTeX Font Info:    ... okay on input line 36.
LaTeX Font Info:    Checking defaults for T1/cmr/m/n on input line 36.
LaTeX Font Info:    ... okay on input line 36.
LaTeX Font Info:    Checking defaults for OT1/cmr/m/n on input line 36.
LaTeX Font Info:    ... okay on input line 36.
LaTeX Font Info:    Checking defaults for OMS/cmsy/m/n on input line 36.
LaTeX Font Info:    ... okay on input line 36.
LaTeX Font Info:    Checking defaults for OMX/cmex/m/n on input line 36.
LaTeX Font Info:    ... okay on input line 36.
LaTeX Font Info:    Checking defaults for U/cmr/m/n on input line 36.
LaTeX Font Info:    ... okay on input line 36.
LaTeX Font Info:    Checking defaults for PD1/pdf/m/n on input line 36.
LaTeX Font Info:    ... okay on input line 36.
LaTeX Font Info:    Try loading font information for T1+lmr on input line 36.
(c:/texlive/2016/texmf-dist/tex/latex/lm/t1lmr.fd
File: t1lmr.fd 2009/10/30 v1.6 Font defs for Latin Modern
)
\c@lstlisting=\count106

(c:/texlive/2016/texmf-dist/tex/context/base/mkii/supp-pdf.mkii
[Loading MPS to PDF converter (version 2006.09.02).]
\scratchcounter=\count107
\scratchdimen=\dimen113
\scratchbox=\box28
\nofMPsegments=\count108
\nofMParguments=\count109
\everyMPshowfont=\toks17
\MPscratchCnt=\count110
\MPscratchDim=\dimen114
\MPnumerator=\count111
\makeMPintoPDFobject=\count112
\everyMPtoPDFconversion=\toks18
) (c:/texlive/2016/texmf-dist/tex/latex/oberdiek/epstopdf-base.sty
Package: epstopdf-base 2016/05/15 v2.6 Base part for package epstopdf

(c:/texlive/2016/texmf-dist/tex/latex/oberdiek/grfext.sty
Package: grfext 2016/05/16 v1.2 Manage graphics extensions (HO)
)
Package epstopdf-base Info: Redefining graphics rule for `.eps' on input line 4
38.
Package grfext Info: Graphics extension search list:
(grfext)             [.png,.pdf,.jpg,.mps,.jpeg,.jbig2,.jb2,.PNG,.PDF,.JPG,.JPE
G,.JBIG2,.JB2,.eps]
(grfext)             \AppendGraphicsExtensions on input line 456.

(c:/texlive/2016/texmf-dist/tex/latex/latexconfig/epstopdf-sys.cfg
File: epstopdf-sys.cfg 2010/07/13 v1.3 Configuration of (r)epstopdf for TeX Liv
e
))
\AtBeginShipoutBox=\box29
Package hyperref Info: Link coloring OFF on input line 36.

(c:/texlive/2016/texmf-dist/tex/latex/hyperref/nameref.sty
Package: nameref 2016/05/21 v2.44 Cross-referencing by name of section

(c:/texlive/2016/texmf-dist/tex/generic/oberdiek/gettitlestring.sty
Package: gettitlestring 2016/05/16 v1.5 Cleanup title references (HO)
)
\c@section@level=\count113
)
LaTeX Info: Redefining \ref on input line 36.
LaTeX Info: Redefining \pageref on input line 36.
LaTeX Info: Redefining \nameref on input line 36.

(./Python_3_5.out) (./Python_3_5.out)
\@outlinefile=\write3
\openout3 = `Python_3_5.out'.

LaTeX Font Info:    Try loading font information for OT1+lmr on input line 39.

(c:/texlive/2016/texmf-dist/tex/latex/lm/ot1lmr.fd
File: ot1lmr.fd 2009/10/30 v1.6 Font defs for Latin Modern
)
LaTeX Font Info:    Try loading font information for OML+lmm on input line 39.

(c:/texlive/2016/texmf-dist/tex/latex/lm/omllmm.fd
File: omllmm.fd 2009/10/30 v1.6 Font defs for Latin Modern
)
LaTeX Font Info:    Try loading font information for OMS+lmsy on input line 39.


(c:/texlive/2016/texmf-dist/tex/latex/lm/omslmsy.fd
File: omslmsy.fd 2009/10/30 v1.6 Font defs for Latin Modern
)
LaTeX Font Info:    Try loading font information for OMX+lmex on input line 39.


(c:/texlive/2016/texmf-dist/tex/latex/lm/omxlmex.fd
File: omxlmex.fd 2009/10/30 v1.6 Font defs for Latin Modern
)
LaTeX Font Info:    External font `lmex10' loaded for size
(Font)              <12> on input line 39.
LaTeX Font Info:    External font `lmex10' loaded for size
(Font)              <8> on input line 39.
LaTeX Font Info:    External font `lmex10' loaded for size
(Font)              <6> on input line 39.
LaTeX Font Info:    Try loading font information for U+msa on input line 39.

(c:/texlive/2016/texmf-dist/tex/latex/amsfonts/umsa.fd
File: umsa.fd 2013/01/14 v3.01 AMS symbols A
)
LaTeX Font Info:    Try loading font information for U+msb on input line 39.

(c:/texlive/2016/texmf-dist/tex/latex/amsfonts/umsb.fd
File: umsb.fd 2013/01/14 v3.01 AMS symbols B
)

LaTeX Warning: No \author given.

(./Python_3_5.toc
LaTeX Font Info:    External font `lmex10' loaded for size
(Font)              <10> on input line 2.
LaTeX Font Info:    External font `lmex10' loaded for size
(Font)              <7> on input line 2.
LaTeX Font Info:    External font `lmex10' loaded for size
(Font)              <5> on input line 2.
 [1

{c:/texlive/2016/texmf-var/fonts/map/pdftex/updmap/pdftex.map}] [2] [3] [4] [5]
 [6])
\tf@toc=\write4
\openout4 = `Python_3_5.toc'.

LaTeX Font Info:    Try loading font information for OMS+lmr on input line 48.
 (c:/texlive/2016/texmf-dist/tex/latex/lm/omslmr.fd
File: omslmr.fd 2009/10/30 v1.6 Font defs for Latin Modern
)
LaTeX Font Info:    Font shape `OMS/lmr/m/n' in size <10> not available
(Font)              Font shape `OMS/lmsy/m/n' tried instead on input line 48.
LaTeX Font Info:    Try loading font information for T1+lmtt on input line 55.

(c:/texlive/2016/texmf-dist/tex/latex/lm/t1lmtt.fd
File: t1lmtt.fd 2009/10/30 v1.6 Font defs for Latin Modern
) [7]

Package hyperref Warning: Difference (2) between bookmark levels is greater 
(hyperref)                than one, level fixed on input line 119.

[8] [9] [10] [11] [12] [13] [14]
Overfull \hbox (5.77643pt too wide) in paragraph at lines 462--462
[]\T1/lmr/bx/n/10 Invalid| 
 []


Overfull \hbox (2.55684pt too wide) in paragraph at lines 462--462
[]\T1/lmr/bx/n/10 Pythonic| 
 []


Underfull \hbox (badness 10000) in paragraph at lines 457--474

 []


Underfull \hbox (badness 10000) in paragraph at lines 457--474

 []


Underfull \hbox (badness 10000) in paragraph at lines 476--480

 []

[15]
Underfull \hbox (badness 10000) in paragraph at lines 504--505

 []


Underfull \hbox (badness 10000) in paragraph at lines 506--507

 []


Underfull \hbox (badness 10000) in paragraph at lines 508--509

 []


Underfull \hbox (badness 10000) in paragraph at lines 510--511

 []


Underfull \hbox (badness 10000) in paragraph at lines 512--513

 []

[16]
Underfull \hbox (badness 10000) in paragraph at lines 561--562

 []


Underfull \hbox (badness 10000) in paragraph at lines 563--564

 []


Underfull \hbox (badness 10000) in paragraph at lines 565--566

 []

[17] [18] [19]
Underfull \hbox (badness 10000) in paragraph at lines 698--699

 []

[20] [21] [22] [23] [24]
Overfull \hbox (38.8243pt too wide) in paragraph at lines 993--994
[][][][][]  
 []

[25]
Overfull \hbox (38.8243pt too wide) in paragraph at lines 998--999
[][][][][]  
 []

[26]
Overfull \hbox (38.8243pt too wide) in paragraph at lines 1043--1044
[][][][][]  
 []


Overfull \hbox (38.8243pt too wide) in paragraph at lines 1049--1050
[][][][][]  
 []

[27] [28] [29] [30] [31] [32] [33]
Underfull \hbox (badness 10000) in paragraph at lines 1458--1459

 []

<alice_bob_same.png, id=2192, 456.70625pt x 87.32625pt>
File: alice_bob_same.png Graphic file (type png)

<use alice_bob_same.png>
Package pdftex.def Info: alice_bob_same.png used on input line 1461.
(pdftex.def)             Requested size: 274.02585pt x 52.39615pt.

Underfull \hbox (badness 10000) in paragraph at lines 1461--1462

 []


Underfull \hbox (badness 10000) in paragraph at lines 1464--1465

 []

<alice_bob_modified.png, id=2193, 342.5297pt x 65.49469pt>
File: alice_bob_modified.png Graphic file (type png)

<use alice_bob_modified.png>
Package pdftex.def Info: alice_bob_modified.png used on input line 1467.
(pdftex.def)             Requested size: 277.44753pt x 53.05038pt.

Underfull \hbox (badness 10000) in paragraph at lines 1467--1468

 []

<alice_different.png, id=2194, 508.90125pt x 73.27374pt>
File: alice_different.png Graphic file (type png)

<use alice_different.png>
Package pdftex.def Info: alice_different.png used on input line 1481.
(pdftex.def)             Requested size: 277.34956pt x 39.93394pt.

<bob_different.png, id=2195, 555.07375pt x 85.31876pt>
File: bob_different.png Graphic file (type png)
 <use bob_different.png>
Package pdftex.def Info: bob_different.png used on input line 1482.
(pdftex.def)             Requested size: 277.53618pt x 42.65926pt.

Underfull \hbox (badness 10000) in paragraph at lines 1481--1483
[][]
 []


Underfull \hbox (badness 10000) in paragraph at lines 1481--1483

 []


LaTeX Warning: `h' float specifier changed to `ht'.

<alice_different_modified.png, id=2196, 381.67593pt x 54.9553pt>
File: alice_different_modified.png Graphic file (type png)

<use alice_different_modified.png>
Package pdftex.def Info: alice_different_modified.png used on input line 1495.
(pdftex.def)             Requested size: 284.34601pt x 40.94131pt.
File: bob_different.png Graphic file (type png)
 <use bob_different.png>
Package pdftex.def Info: bob_different.png used on input line 1496.
(pdftex.def)             Requested size: 283.08385pt x 43.51198pt.

Underfull \hbox (badness 10000) in paragraph at lines 1495--1497

 []


LaTeX Warning: `h' float specifier changed to `ht'.

[34 <./alice_bob_same.png> <./alice_bob_modified.png>]
<charlie.png, id=2220, 404.26031pt x 201.00093pt>
File: charlie.png Graphic file (type png)
 <use charlie.png>
Package pdftex.def Info: charlie.png used on input line 1539.
(pdftex.def)             Requested size: 301.17122pt x 149.74432pt.

Underfull \hbox (badness 10000) in paragraph at lines 1539--1540

 []


LaTeX Warning: `h' float specifier changed to `ht'.

[35 <./alice_different.png> <./bob_different.png> <./alice_different_modified.p
ng>] [36 <./charlie.png>] [37] [38] [39] [40] [41] [42] [43] [44] [45]
<blackbox.jpg, id=2552, 738.76pt x 176.66pt>
File: blackbox.jpg Graphic file (type jpg)
 <use blackbox.jpg>
Package pdftex.def Info: blackbox.jpg used on input line 2101.
(pdftex.def)             Requested size: 369.37909pt x 88.32977pt.

Overfull \hbox (24.37909pt too wide) in paragraph at lines 2101--2102
[][] 
 []


Underfull \hbox (badness 10000) in paragraph at lines 2101--2102

 []


Overfull \hbox (40.33308pt too wide) in paragraph at lines 2125--2126
[]\T1/lmr/m/n/10 The re-turn value of a given func-tion is ac-cessed by writ-in
g func-tion_name(arguments). 
 []

[46 <./blackbox.jpg>] [47]
Overfull \hbox (6.36452pt too wide) in paragraph at lines 2212--2213
\T1/lmr/m/n/10 We can also call a func-tion us-ing key-word ar-gu-ments of the 
form "key-word=value".
 []

[48]
Underfull \hbox (badness 10000) in paragraph at lines 2231--2233

 []

[49] [50]
Underfull \hbox (badness 10000) in paragraph at lines 2349--2350

 []

[51] [52] [53] [54] [55] [56]
Overfull \hbox (38.8243pt too wide) in paragraph at lines 2678--2679
[][][][][]  
 []


Overfull \hbox (38.8243pt too wide) in paragraph at lines 2683--2684
[][][][][]  
 []

[57] [58]
Overfull \hbox (38.8243pt too wide) in paragraph at lines 2741--2742
[][][][][]  
 []


Overfull \hbox (38.8243pt too wide) in paragraph at lines 2746--2747
[][][][][]  
 []

[59] [60] [61] [62]
Underfull \hbox (badness 10000) in paragraph at lines 2935--2937

 []

[63] [64] [65] [66] [67]
Underfull \hbox (badness 10000) in paragraph at lines 3226--3227

 []


Underfull \hbox (badness 10000) in paragraph at lines 3228--3234

 []

[68]
Underfull \hbox (badness 10000) in paragraph at lines 3235--3241

 []

[69] [70] [71] [72] [73] [74] [75] [76] [77] [78] [79] [80] [81] [82] [83]
[84] [85] [86] [87] [88] [89] [90] [91] [92] [93] [94] [95] [96] [97] [98]
[99] [100] [101] [102] [103] [104] [105] [106]
<sorting_fun.jpg, id=4615, 963.6pt x 722.7pt>
File: sorting_fun.jpg Graphic file (type jpg)
 <use sorting_fun.jpg>
Package pdftex.def Info: sorting_fun.jpg used on input line 5292.
(pdftex.def)             Requested size: 346.89574pt x 260.1718pt.

Overfull \hbox (1.89574pt too wide) in paragraph at lines 5292--5293
[][] 
 []


Underfull \hbox (badness 10000) in paragraph at lines 5292--5293

 []

[107 <./sorting_fun.jpg>] <sortingbyvalue.jpg, id=4628, 859.21pt x 377.41pt>
File: sortingbyvalue.jpg Graphic file (type jpg)

<use sortingbyvalue.jpg>
Package pdftex.def Info: sortingbyvalue.jpg used on input line 5334.
(pdftex.def)             Requested size: 317.90273pt x 139.63951pt.

Underfull \hbox (badness 10000) in paragraph at lines 5334--5335

 []

[108 <./sortingbyvalue.jpg>] [109] [110]
Overfull \hbox (9.0021pt too wide) in paragraph at lines 5506--5507
[]\T1/lmr/m/n/10 So we need to count the let-ters in the song. Let's de-fine a 
func-tion \T1/lmr/m/it/10 count_letters
 []

[111] [112]
Overfull \hbox (48.27428pt too wide) in paragraph at lines 5605--5606
[][][][][]  
 []

[113]
Overfull \hbox (32.99927pt too wide) in paragraph at lines 5612--5613
[][][][][][]  
 []

[114] [115] [116]
Overfull \hbox (3.63109pt too wide) in paragraph at lines 5755--5756
[]\T1/lmr/m/n/10 The \T1/lmr/m/it/10 open \T1/lmr/m/n/10 func-tion re-turns a f
ile han-dle. We as-sign it to the vari-able \T1/lmr/m/it/10 some_file\T1/lmr/m/
n/10 .
 []


Overfull \hbox (64.55473pt too wide) in paragraph at lines 5764--5765
\T1/lmr/m/n/10 The file name above in-cludes an ab-so-lute path: 'C:/Users/Rula
/Documents/CS21A/spider.txt'. 
 []

[117] [118] [119] [120] [121]
Overfull \hbox (22.5122pt too wide) in paragraph at lines 6033--6034
[]\T1/lmr/m/n/10 To fix that, we can use the string method \T1/lmr/m/it/10 stri
p \T1/lmr/m/n/10 and the con-stant string.punctuation
 []

[122] [123] [124] [125]
Overfull \hbox (38.8243pt too wide) in paragraph at lines 6249--6250
[][][][][]  
 []


Overfull \hbox (38.8243pt too wide) in paragraph at lines 6256--6257
[][][][][]  
 []

[126] [127] [128] [129] [130] [131]
Overfull \hbox (5.36014pt too wide) in paragraph at lines 6587--6588
\T1/lmr/m/n/10 are sep-a-rate from the __init__ pa-ram-e-ters make, model, fuel
_efficiency, mileage
 []

[132] [133] [134] [135] [136] [137] [138] [139] [140] [141] [142] [143]
Overfull \hbox (8.80544pt too wide) in paragraph at lines 7210--7211
[]\T1/lmr/m/n/10 Their name is sur-rounded by dou-ble un-der-scores ( like __in
it__ or __str__). 
 []

[144] [145] [146] [147] [148] [149]
Overfull \hbox (5.50102pt too wide) in paragraph at lines 7539--7540
[]\T1/lmr/m/n/10 Python con-verts it to: my_car < his_car and calls my_car.__lt
__(his_car). 
 []

[150] [151] [152] [153] [154]
Overfull \hbox (38.8243pt too wide) in paragraph at lines 7815--7816
[][][][][]  
 []


Overfull \hbox (38.8243pt too wide) in paragraph at lines 7822--7823
[][][][][]  
 []

[155] [156] [157] [158] [159]
<is-a_relationship.jpg, id=6333, 963.6pt x 722.7pt>
File: is-a_relationship.jpg Graphic file (type jpg)

<use is-a_relationship.jpg>
Package pdftex.def Info: is-a_relationship.jpg used on input line 8092.
(pdftex.def)             Requested size: 337.26506pt x 252.94878pt.

Underfull \hbox (badness 10000) in paragraph at lines 8092--8093

 []


LaTeX Warning: `h' float specifier changed to `ht'.

[160] [161 <./is-a_relationship.jpg>] [162]
Overfull \hbox (5.58138pt too wide) in paragraph at lines 8215--8216
[]\T1/lmr/m/n/10 PremiumSavingsAccount in-her-its from Pre-mi-u-mAc-count and f
rom Sav-ingsAc-
 []

[163] [164] [165] [166]
Overfull \hbox (38.8243pt too wide) in paragraph at lines 8418--8419
[][][][][]  
 []


Overfull \hbox (38.8243pt too wide) in paragraph at lines 8425--8426
[][][][][]  
 []

[167] [168] [169] [170] [171] [172]
Overfull \hbox (38.8243pt too wide) in paragraph at lines 8732--8733
[][][][][]  
 []


Overfull \hbox (38.8243pt too wide) in paragraph at lines 8739--8740
[][][][][]  
 []

[173] [174]
Overfull \hbox (38.8243pt too wide) in paragraph at lines 8808--8809
[][][][][]  
 []


Overfull \hbox (38.8243pt too wide) in paragraph at lines 8815--8816
[][][][][]  
 []

[175] [176] [177] [178] [179] [180] [181] [182] [183] [184] [185]
Overfull \hbox (10.58276pt too wide) in paragraph at lines 9423--9424
[]\T1/lmr/m/n/10 The it-er-a-tor class must in-clude two magic meth-ods: __next
__ and __iter__. 
 []

[186]
Overfull \hbox (32.99927pt too wide) in paragraph at lines 9439--9440
[][][][][][][][][]  
 []


Overfull \hbox (32.99927pt too wide) in paragraph at lines 9444--9446
[][][][][][][][][]  
 []

[187] [188] [189] [190] [191]
Overfull \hbox (0.30746pt too wide) in paragraph at lines 9718--9719
[]\T1/lmr/m/n/10 Iterators also gen-er-ally re-quire in-stance vari-ables to ke
ep track of the progress
 []

[192] [193] [194] [195] [196]
Overfull \hbox (7.19444pt too wide) in paragraph at lines 9984--9985
[]\T1/lmr/m/n/10 Here we are us-ing a for loop with the gen-er-a-tor ob-ject ge
t_code(program_file). 
 []

[197] [198] [199] [200] [201] <mapping.jpg, id=7796, 822.07124pt x 317.185pt>
File: mapping.jpg Graphic file (type jpg)

<use mapping.jpg>
Package pdftex.def Info: mapping.jpg used on input line 10212.
(pdftex.def)             Requested size: 493.24655pt x 190.31245pt.

Overfull \hbox (148.24655pt too wide) in paragraph at lines 10212--10213
[][] 
 []


Underfull \hbox (badness 10000) in paragraph at lines 10212--10213

 []

[202 <./mapping.jpg>] [203] [204] [205] [206] [207] [208] [209] [210] [211]
[212]
Overfull \hbox (38.8243pt too wide) in paragraph at lines 10793--10794
[][][][][]  
 []

[213]
Overfull \hbox (38.8243pt too wide) in paragraph at lines 10799--10800
[][][][][]  
 []

[214] [215] [216] [217]
Overfull \hbox (30.30399pt too wide) in paragraph at lines 11007--11010
[]\T1/lmr/m/n/10 The pat-tern may be an email ad-dress, of the form: some-thing
@something.something
 []

[218]

Package hyperref Warning: Composite letter `\textasciicircum+\$'
(hyperref)                not defined in PD1 encoding,
(hyperref)                removing `\textasciicircum' on input line 11081.

[219] [220] [221] [222]
Underfull \hbox (badness 10000) in paragraph at lines 11242--11243

 []

[223] [224] [225] [226]
Overfull \hbox (10.00009pt too wide) in paragraph at lines 11443--11444
[]\T1/lmr/m/n/10 The func-tion re-turns an it-er-a-tor yield-ing match ob-jects
 over all non-overlapping
 []

[227] [228] [229] [230] [231] [232] [233] [234] [235] [236]
Overfull \hbox (22.60997pt too wide) in paragraph at lines 11944--11945
[]\T1/lmr/m/n/10 Remember that since all these links are from http://www.foothi
ll.edu/contact.php
 []


Overfull \hbox (38.99747pt too wide) in paragraph at lines 11981--11984
[]\T1/lmr/m/n/10 urllib.error.HTTPError – sub-class of URLEr-ror url-lib.erro
r.ContentTooShortError
 []

[237] [238] [239] [240] <firstgui.jpg, id=8797, 216.81pt x 239.89626pt>
File: firstgui.jpg Graphic file (type jpg)

<use firstgui.jpg>
Package pdftex.def Info: firstgui.jpg used on input line 12181.
(pdftex.def)             Requested size: 130.08699pt x 143.93886pt.

Underfull \hbox (badness 10000) in paragraph at lines 12181--12182

 []


LaTeX Warning: `h' float specifier changed to `ht'.

[241] [242 <./firstgui.jpg>] <rootwtitle.jpg, id=8833, 216.81pt x 239.89626pt>
File: rootwtitle.jpg Graphic file (type jpg)

<use rootwtitle.jpg>
Package pdftex.def Info: rootwtitle.jpg used on input line 12260.
(pdftex.def)             Requested size: 130.08699pt x 143.93886pt.

Underfull \hbox (badness 10000) in paragraph at lines 12260--12261

 []


LaTeX Warning: `h' float specifier changed to `ht'.

[243] [244 <./rootwtitle.jpg>] <hellogui.jpg, id=8866, 140.525pt x 60.225pt>
File: hellogui.jpg Graphic file (type jpg)

<use hellogui.jpg>
Package pdftex.def Info: hellogui.jpg used on input line 12332.
(pdftex.def)             Requested size: 84.31564pt x 36.13527pt.

Underfull \hbox (badness 10000) in paragraph at lines 12332--12333

 []

[245 <./hellogui.jpg>] [246] [247]
<MACbuttons.jpg, id=8974, 90.3375pt x 105.39375pt>
File: MACbuttons.jpg Graphic file (type jpg)
 <use MACbuttons.jpg>
Package pdftex.def Info: MACbuttons.jpg used on input line 12448.
(pdftex.def)             Requested size: 90.33727pt x 105.39348pt.

Underfull \hbox (badness 10000) in paragraph at lines 12448--12449

 []

[248 <./MACbuttons.jpg>] <letsdraw.jpg, id=9004, 235.88126pt x 234.8775pt>
File: letsdraw.jpg Graphic file (type jpg)

<use letsdraw.jpg>
Package pdftex.def Info: letsdraw.jpg used on input line 12500.
(pdftex.def)             Requested size: 141.52983pt x 140.92758pt.

Underfull \hbox (badness 10000) in paragraph at lines 12500--12501

 []

<coordinates.jpg, id=9005, 240.9pt x 240.9pt>
File: coordinates.jpg Graphic file (type jpg)
 <use coordinates.jpg>
Package pdftex.def Info: coordinates.jpg used on input line 12509.
(pdftex.def)             Requested size: 144.5411pt x 144.5411pt.

Underfull \hbox (badness 10000) in paragraph at lines 12509--12510

 []

[249 <./letsdraw.jpg> <./coordinates.jpg>]
<circlecoord.jpg, id=9022, 240.9pt x 240.9pt>
File: circlecoord.jpg Graphic file (type jpg)
 <use circlecoord.jpg>
Package pdftex.def Info: circlecoord.jpg used on input line 12542.
(pdftex.def)             Requested size: 144.5411pt x 144.5411pt.

Underfull \hbox (badness 10000) in paragraph at lines 12542--12543

 []

[250 <./circlecoord.jpg>] <drawline.jpg, id=9044, 293.095pt x 318.18875pt>
File: drawline.jpg Graphic file (type jpg)

<use drawline.jpg>
Package pdftex.def Info: drawline.jpg used on input line 12575.
(pdftex.def)             Requested size: 175.85834pt x 190.9147pt.

Underfull \hbox (badness 10000) in paragraph at lines 12575--12576

 []

[251 <./drawline.jpg>] [252] [253] [254]
<colorreview.jpg, id=9168, 183.68625pt x 186.6975pt>
File: colorreview.jpg Graphic file (type jpg)
 <use colorreview.jpg>
Package pdftex.def Info: colorreview.jpg used on input line 12764.
(pdftex.def)             Requested size: 110.21259pt x 112.01935pt.

Underfull \hbox (badness 10000) in paragraph at lines 12762--12766

 []

[255 <./colorreview.jpg>]
Overfull \hbox (38.8243pt too wide) in paragraph at lines 12779--12780
[][][][][]  
 []


Overfull \hbox (38.8243pt too wide) in paragraph at lines 12784--12785
[][][][][]  
 []

[256] [257] <guiboard.png, id=9291, 411.5375pt x 488.82625pt>
File: guiboard.png Graphic file (type png)

<use guiboard.png>
Package pdftex.def Info: guiboard.png used on input line 12876.
(pdftex.def)             Requested size: 246.92441pt x 293.298pt.
 [258 <./guiboard.png>]
Overfull \hbox (2.12915pt too wide) in paragraph at lines 12916--12917
[]\T1/lmr/m/n/10 <Button-2> - The mid-dle mouse but-ton is pressed over the wid
-get. <Button-
 []

[259]
Overfull \hbox (38.8243pt too wide) in paragraph at lines 12962--12963
[][][][][]  
 []


Overfull \hbox (38.8243pt too wide) in paragraph at lines 12967--12968
[][][][][]  
 []

[260] <drawingclick.jpg, id=9347, 321.2pt x 344.28625pt>
File: drawingclick.jpg Graphic file (type jpg)

<use drawingclick.jpg>
Package pdftex.def Info: drawingclick.jpg used on input line 13033.
(pdftex.def)             Requested size: 192.72148pt x 206.57333pt.


LaTeX Warning: `h' float specifier changed to `ht'.


Overfull \hbox (2.42027pt too wide) in paragraph at lines 13044--13045
[]\T1/lmr/m/n/10 Here self.canvas is our wid-get, "<Button-1>" is our event and
 self.draw_circle
 []

[261]
Overfull \hbox (38.8243pt too wide) in paragraph at lines 13069--13070
[][][][][]  
 []

[262 <./drawingclick.jpg>]
Overfull \hbox (38.8243pt too wide) in paragraph at lines 13074--13075
[][][][][]  
 []

[263] [264] <paint1.jpg, id=9516, 321.2pt x 396.48125pt>
File: paint1.jpg Graphic file (type jpg)
 <use paint1.jpg>
Package pdftex.def Info: paint1.jpg used on input line 13218.
(pdftex.def)             Requested size: 192.72148pt x 237.89058pt.


LaTeX Warning: `h' float specifier changed to `ht'.

<paint2.jpg, id=9517, 321.2pt x 396.48125pt>
File: paint2.jpg Graphic file (type jpg)
 <use paint2.jpg>
Package pdftex.def Info: paint2.jpg used on input line 13224.
(pdftex.def)             Requested size: 192.72148pt x 237.89058pt.
 [265]

LaTeX Warning: `h' float specifier changed to `ht'.

[266 <./paint1.jpg>] [267 <./paint2.jpg>]
Overfull \hbox (32.99927pt too wide) in paragraph at lines 13285--13286
[][][][][][][][][]  
 []


Overfull \hbox (32.99927pt too wide) in paragraph at lines 13290--13291
[][][][][][][][][]  
 []

[268] [269] [270] [271] [272]
Overfull \hbox (38.8243pt too wide) in paragraph at lines 13539--13540
[][][][][]  
 []


Overfull \hbox (38.8243pt too wide) in paragraph at lines 13543--13544
[][][][][]  
 []

[273] [274] [275] [276] [277]
Overfull \hbox (38.8243pt too wide) in paragraph at lines 13784--13785
[][][][][]  
 []


Overfull \hbox (38.8243pt too wide) in paragraph at lines 13788--13789
[][][][][]  
 []


Overfull \hbox (38.8243pt too wide) in paragraph at lines 13805--13806
[][][][][]  
 []


Overfull \hbox (38.8243pt too wide) in paragraph at lines 13809--13810
[][][][][]  
 []

[278] [279] [280] [281] [282] [283] [284] [285]
Overfull \hbox (25.8876pt too wide) in paragraph at lines 14195--14196
[]\T1/lmr/m/n/10 The os.path sub-mod-ule in-cludes the fol-low-ing func-tions: 
os.path.join, os.path.split,
 []

[286] [287] [288] [289] [290] [291] [292] [293] [294]
Package atveryend Info: Empty hook `BeforeClearDocument' on input line 14673.
 [295]
Package atveryend Info: Empty hook `AfterLastShipout' on input line 14673.
 (./Python_3_5.aux)
Package atveryend Info: Executing hook `AtVeryEndDocument' on input line 14673.

Package atveryend Info: Executing hook `AtEndAfterFileList' on input line 14673
.


Package rerunfilecheck Warning: File `Python_3_5.out' has changed.
(rerunfilecheck)                Rerun to get outlines right
(rerunfilecheck)                or use package `bookmark'.

Package rerunfilecheck Info: Checksums for `Python_3_5.out':
(rerunfilecheck)             Before: 741E978E4852B3CF1A586D2DF48EB63C;18818
(rerunfilecheck)             After:  D3BF2064820EA055E469727561E4EAD9;18967.
Package atveryend Info: Empty hook `AtVeryVeryEnd' on input line 14673.
 ) 
Here is how much of TeX's memory you used:
 17158 strings out of 493013
 259094 string characters out of 6136992
 276387 words of memory out of 5000000
 12018 multiletter control sequences out of 15000+600000
 57267 words of font info for 56 fonts, out of 8000000 for 9000
 1141 hyphenation exceptions out of 8191
 29i,10n,40p,477b,1773s stack positions out of 5000i,500n,10000p,200000b,80000s
{c:/texlive/2016/texmf-dist/fonts/enc/dvips/lm/lm-ec.enc}{c:/texlive/2016/tex
mf-dist/fonts/enc/dvips/lm/lm-mathsy.enc}<c:/texlive/2016/texmf-dist/fonts/type
1/public/lm/lmbx10.pfb><c:/texlive/2016/texmf-dist/fonts/type1/public/lm/lmbx12
.pfb><c:/texlive/2016/texmf-dist/fonts/type1/public/lm/lmr10.pfb><c:/texlive/20
16/texmf-dist/fonts/type1/public/lm/lmr12.pfb><c:/texlive/2016/texmf-dist/fonts
/type1/public/lm/lmr17.pfb><c:/texlive/2016/texmf-dist/fonts/type1/public/lm/lm
ri10.pfb><c:/texlive/2016/texmf-dist/fonts/type1/public/lm/lmsy10.pfb><c:/texli
ve/2016/texmf-dist/fonts/type1/public/lm/lmtt9.pfb><c:/texlive/2016/texmf-dist/
fonts/type1/public/amsfonts/symbols/msam10.pfb>
Output written on Python_3_5.pdf (295 pages, 1260983 bytes).
PDF statistics:
 12442 PDF objects out of 12825 (max. 8388607)
 11992 compressed objects within 120 object streams
 8555 named destinations out of 8907 (max. 500000)
 2193 words of extra memory for PDF output out of 10000 (max. 10000000)

